mode: set
main/pkg/downloader/downloader.go:36.75,41.2 1 1
main/pkg/downloader/downloader.go:46.65,48.16 2 1
main/pkg/downloader/downloader.go:48.16,50.3 1 0
main/pkg/downloader/downloader.go:51.2,54.16 3 1
main/pkg/downloader/downloader.go:54.16,56.3 1 0
main/pkg/downloader/downloader.go:57.2,68.12 6 1
main/pkg/downloader/downloader.go:72.65,74.16 2 1
main/pkg/downloader/downloader.go:74.16,76.3 1 0
main/pkg/downloader/downloader.go:77.2,80.16 3 1
main/pkg/downloader/downloader.go:80.16,82.3 1 0
main/pkg/downloader/downloader.go:83.2,86.16 3 1
main/pkg/downloader/downloader.go:86.16,88.3 1 0
main/pkg/downloader/downloader.go:89.2,92.16 4 1
main/pkg/downloader/downloader.go:92.16,94.3 1 0
main/pkg/downloader/downloader.go:95.2,97.82 2 1
main/pkg/downloader/downloader.go:97.82,99.3 1 0
main/pkg/downloader/downloader.go:101.2,101.19 1 1
main/pkg/downloader/downloader.go:101.19,104.3 2 0
main/pkg/downloader/downloader.go:106.2,115.12 5 1
main/pkg/downloader/downloader.go:119.96,121.16 2 0
main/pkg/downloader/downloader.go:121.16,123.3 1 0
main/pkg/downloader/downloader.go:124.2,127.38 3 0
main/pkg/downloader/downloader.go:127.38,132.17 4 0
main/pkg/downloader/downloader.go:132.17,134.4 1 0
main/pkg/downloader/downloader.go:135.3,137.17 3 0
main/pkg/downloader/downloader.go:137.17,139.4 1 0
main/pkg/downloader/downloader.go:141.3,141.37 1 0
main/pkg/downloader/downloader.go:141.37,144.4 2 0
main/pkg/downloader/downloader.go:146.3,148.17 3 0
main/pkg/downloader/downloader.go:148.17,150.4 1 0
main/pkg/downloader/downloader.go:152.2,153.12 2 0
main/pkg/downloader/downloader.go:157.53,158.38 1 1
main/pkg/downloader/downloader.go:158.38,159.37 1 1
main/pkg/downloader/downloader.go:159.37,162.4 2 1
main/pkg/downloader/downloader.go:164.2,164.12 1 1
main/pkg/downloader/downloader.go:168.73,169.32 1 1
main/pkg/downloader/downloader.go:169.32,170.32 1 1
main/pkg/downloader/downloader.go:170.32,172.4 1 1
main/pkg/downloader/downloader.go:174.2,174.12 1 1
main/pkg/downloader/downloader.go:178.51,179.32 1 1
main/pkg/downloader/downloader.go:179.32,180.47 1 1
main/pkg/downloader/downloader.go:180.47,182.4 1 1
main/pkg/downloader/downloader.go:184.2,184.13 1 1
main/pkg/downloader/downloader.go:188.65,190.16 2 1
main/pkg/downloader/downloader.go:190.16,192.3 1 0
main/pkg/downloader/downloader.go:194.2,194.50 1 1
main/pkg/downloader/downloader.go:194.50,196.3 1 1
main/pkg/downloader/downloader.go:198.2,200.19 3 1
main/pkg/downloader/downloader.go:200.19,202.3 1 0
main/pkg/downloader/downloader.go:204.2,206.16 3 1
main/pkg/downloader/downloader.go:206.16,208.3 1 0
main/pkg/downloader/downloader.go:209.2,210.12 2 1
main/pkg/downloader/downloader.go:214.82,216.16 2 1
main/pkg/downloader/downloader.go:216.16,218.3 1 0
main/pkg/downloader/downloader.go:219.2,222.36 4 1
main/pkg/downloader/downloader.go:226.78,229.16 3 1
main/pkg/downloader/downloader.go:229.16,231.3 1 0
main/pkg/downloader/downloader.go:233.2,233.37 1 1
main/pkg/downloader/downloader.go:233.37,234.17 1 1
main/pkg/downloader/downloader.go:234.17,235.9 1 1
main/pkg/downloader/downloader.go:237.3,237.43 1 1
main/pkg/downloader/downloader.go:239.2,239.21 1 1
main/pkg/downloader/downloader.go:243.96,248.16 4 1
main/pkg/downloader/downloader.go:248.16,250.3 1 0
main/pkg/downloader/downloader.go:252.2,252.50 1 1
main/pkg/downloader/downloader.go:252.50,254.3 1 1
main/pkg/downloader/downloader.go:256.2,256.23 1 1
main/pkg/downloader/downloader.go:256.23,261.3 4 0
main/pkg/downloader/downloader.go:263.2,263.6 1 1
main/pkg/downloader/downloader.go:263.6,265.25 2 1
main/pkg/downloader/downloader.go:265.25,266.9 1 1
main/pkg/downloader/downloader.go:267.9,268.63 1 0
main/pkg/downloader/downloader.go:268.63,270.5 1 0
main/pkg/downloader/downloader.go:270.10,271.10 1 0
main/pkg/downloader/downloader.go:276.2,276.24 1 1
main/pkg/downloader/downloader.go:276.24,278.3 1 0
main/pkg/downloader/downloader.go:280.2,280.28 1 1
main/pkg/downloader/downloader.go:280.28,282.3 1 0
main/pkg/downloader/downloader.go:284.2,285.34 2 1
main/pkg/downloader/downloader.go:289.76,290.35 1 1
main/pkg/downloader/downloader.go:290.35,291.57 1 1
main/pkg/downloader/downloader.go:291.57,293.4 1 1
main/pkg/downloader/downloader.go:295.2,295.12 1 0
main/pkg/downloader/downloader.go:299.35,300.19 1 1
main/pkg/downloader/downloader.go:300.19,302.3 1 0
main/pkg/downloader/downloader.go:302.8,304.3 1 1
main/pkg/downloader/downloader.go:308.43,311.18 3 1
main/pkg/downloader/downloader.go:311.18,313.3 1 1
main/pkg/downloader/downloader.go:314.2,314.11 1 1
main/pkg/downloader/downloader.go:318.67,321.16 3 1
main/pkg/downloader/downloader.go:321.16,323.3 1 0
main/pkg/downloader/downloader.go:324.2,326.38 2 1
main/pkg/downloader/downloader.go:326.38,328.3 1 0
main/pkg/downloader/downloader.go:330.2,332.16 3 1
main/pkg/downloader/downloader.go:332.16,334.3 1 0
main/pkg/downloader/downloader.go:336.2,336.17 1 1
main/pkg/downloader/downloader.go:340.51,342.16 2 0
main/pkg/downloader/downloader.go:342.16,344.3 1 0
main/pkg/downloader/downloader.go:346.2,347.16 2 0
main/pkg/downloader/downloader.go:347.16,349.3 1 0
main/pkg/downloader/downloader.go:351.2,355.23 5 0
main/pkg/downloader/downloader.go:359.67,366.16 6 0
main/pkg/downloader/downloader.go:366.16,369.3 2 0
main/pkg/downloader/downloader.go:370.2,370.12 1 0
main/pkg/downloader/downloader.go:374.77,376.16 2 0
main/pkg/downloader/downloader.go:376.16,378.3 1 0
main/pkg/downloader/downloader.go:380.2,384.16 4 0
main/pkg/downloader/downloader.go:384.16,386.3 1 0
main/pkg/downloader/downloader.go:388.2,389.16 2 0
main/pkg/downloader/downloader.go:389.16,391.3 1 0
main/pkg/downloader/downloader.go:393.2,394.16 2 0
main/pkg/downloader/downloader.go:394.16,396.3 1 0
main/pkg/downloader/downloader.go:398.2,399.16 2 0
main/pkg/downloader/downloader.go:399.16,401.3 1 0
main/pkg/downloader/downloader.go:403.2,404.16 2 0
main/pkg/downloader/downloader.go:404.16,406.3 1 0
main/pkg/downloader/downloader.go:408.2,409.12 2 0
main/pkg/downloader/downloader.go:413.61,420.50 6 0
main/pkg/downloader/downloader.go:420.50,422.3 1 0
main/pkg/downloader/downloader.go:424.2,427.9 3 0
main/pkg/downloader/downloader.go:427.9,430.3 2 0
main/pkg/downloader/downloader.go:432.2,433.15 2 0
main/pkg/downloader/downloader.go:433.15,435.3 1 0
main/pkg/downloader/downloader.go:437.2,438.16 2 0
main/pkg/downloader/downloader.go:438.16,440.3 1 0
main/pkg/downloader/downloader.go:442.2,442.21 1 0
main/pkg/downloader/downloader.go:446.44,449.18 3 1
main/pkg/downloader/downloader.go:449.18,451.3 1 1
main/pkg/downloader/downloader.go:452.2,452.11 1 1
main/pkg/downloader/downloader.go:456.45,463.16 6 1
main/pkg/downloader/downloader.go:463.16,465.3 1 1
main/pkg/downloader/downloader.go:467.2,468.26 2 1
main/pkg/downloader/downloader.go:472.60,474.16 2 0
main/pkg/downloader/downloader.go:474.16,476.3 1 0
main/pkg/downloader/downloader.go:477.2,480.16 3 0
main/pkg/downloader/downloader.go:480.16,482.3 1 0
main/pkg/downloader/downloader.go:484.2,488.35 3 0
main/pkg/downloader/downloader.go:488.35,495.14 5 0
main/pkg/downloader/downloader.go:495.14,497.30 2 0
main/pkg/downloader/downloader.go:497.30,498.13 1 0
main/pkg/downloader/downloader.go:502.3,503.17 2 0
main/pkg/downloader/downloader.go:503.17,505.4 1 0
main/pkg/downloader/downloader.go:506.3,507.17 2 0
main/pkg/downloader/downloader.go:507.17,509.4 1 0
main/pkg/downloader/downloader.go:511.3,513.17 3 0
main/pkg/downloader/downloader.go:513.17,515.4 1 0
main/pkg/downloader/downloader.go:517.3,517.13 1 0
main/pkg/downloader/downloader.go:517.13,520.18 3 0
main/pkg/downloader/downloader.go:520.18,522.5 1 0
main/pkg/downloader/downloader.go:523.9,526.18 3 0
main/pkg/downloader/downloader.go:526.18,528.5 1 0
main/pkg/downloader/downloader.go:531.3,532.17 2 0
main/pkg/downloader/downloader.go:532.17,534.4 1 0
main/pkg/downloader/downloader.go:537.2,537.12 1 0
main/pkg/downloader/downloader.go:541.64,542.35 1 0
main/pkg/downloader/downloader.go:542.35,543.15 1 0
main/pkg/downloader/downloader.go:543.15,546.4 2 0
main/pkg/downloader/downloader.go:548.2,548.10 1 0
main/pkg/downloader/downloader.go:552.78,558.15 2 0
main/pkg/downloader/downloader.go:558.15,563.3 1 0
main/pkg/downloader/downloader.go:563.8,565.3 1 0
main/pkg/downloader/downloader.go:567.2,571.16 4 0
main/pkg/downloader/downloader.go:571.16,574.3 2 0
main/pkg/downloader/downloader.go:576.2,576.12 1 0
main/pkg/downloader/downloader.go:580.39,583.2 2 1
main/pkg/downloader/downloader.go:586.44,588.16 2 1
main/pkg/downloader/downloader.go:588.16,590.3 1 1
main/pkg/downloader/downloader.go:590.8,590.31 1 1
main/pkg/downloader/downloader.go:590.31,592.3 1 1
main/pkg/downloader/downloader.go:593.2,593.19 1 0
main/pkg/logger/logger.go:12.33,13.16 1 1
main/pkg/logger/logger.go:13.16,22.3 4 1
main/pkg/logger/logger.go:23.2,23.12 1 1
main/pkg/logger/logger.go:27.65,28.16 1 1
main/pkg/logger/logger.go:28.16,30.3 1 1
main/pkg/logger/logger.go:32.2,33.28 2 1
main/pkg/logger/logger.go:33.28,35.3 1 1
main/pkg/logger/logger.go:38.2,40.12 2 1
main/pkg/fsutil/fsutil.go:21.32,22.31 1 1
main/pkg/fsutil/fsutil.go:22.31,24.3 1 1
main/pkg/fsutil/fsutil.go:25.2,25.29 1 0
main/pkg/fsutil/fsutil.go:29.31,30.31 1 1
main/pkg/fsutil/fsutil.go:30.31,32.3 1 1
main/pkg/fsutil/fsutil.go:33.2,33.28 1 0
main/pkg/fsutil/fsutil.go:37.43,38.31 1 1
main/pkg/fsutil/fsutil.go:38.31,40.3 1 1
main/pkg/fsutil/fsutil.go:41.2,41.23 1 0
main/pkg/fsutil/fsutil.go:45.38,48.2 2 1
main/pkg/fsutil/fsutil.go:51.34,53.2 1 1
main/pkg/fsutil/fsutil.go:56.74,57.15 1 1
main/pkg/fsutil/fsutil.go:57.15,59.3 1 1
main/pkg/fsutil/fsutil.go:60.2,60.38 1 1
main/pkg/fsutil/fsutil.go:64.46,66.2 1 1
main/pkg/fsutil/fsutil.go:69.47,71.2 1 1
main/pkg/fsutil/fsutil.go:74.48,76.2 1 1
main/pkg/fsutil/fsutil.go:79.49,82.16 3 1
main/pkg/fsutil/fsutil.go:82.16,84.3 1 1
main/pkg/fsutil/fsutil.go:85.2,88.21 3 1
main/pkg/fsutil/fsutil.go:88.21,90.17 2 1
main/pkg/fsutil/fsutil.go:90.17,92.4 1 1
main/pkg/fsutil/fsutil.go:95.2,95.26 1 1
main/pkg/fsutil/fsutil.go:95.26,97.3 1 0
main/pkg/fsutil/fsutil.go:99.2,99.19 1 1
main/pkg/config/config.go:63.34,65.16 2 1
main/pkg/config/config.go:65.16,67.3 1 1
main/pkg/config/config.go:69.2,70.24 2 1
main/pkg/config/config.go:70.24,72.3 1 1
main/pkg/config/config.go:73.2,73.29 1 1
main/pkg/config/config.go:73.29,75.3 1 1
main/pkg/config/config.go:78.2,78.69 1 1
main/pkg/config/config.go:78.69,80.3 1 1
main/pkg/config/config.go:81.2,81.79 1 1
main/pkg/config/config.go:81.79,83.3 1 1
main/pkg/config/config.go:86.2,87.24 2 1
main/pkg/config/config.go:87.24,89.3 1 1
main/pkg/config/config.go:90.2,90.23 1 1
main/pkg/config/config.go:90.23,92.3 1 1
main/pkg/config/config.go:95.2,95.21 1 1
main/pkg/config/config.go:95.21,97.3 1 1
main/pkg/config/config.go:100.2,100.54 1 1
main/pkg/config/config.go:100.54,102.3 1 1
main/pkg/config/config.go:102.8,104.3 1 0
main/pkg/config/config.go:107.2,108.16 2 1
main/pkg/config/config.go:108.16,111.3 2 0
main/pkg/config/config.go:114.2,118.17 4 1
main/pkg/config/config.go:122.36,124.16 2 1
main/pkg/config/config.go:124.16,126.3 1 1
main/pkg/config/config.go:128.2,130.16 3 1
main/pkg/config/config.go:130.16,132.3 1 1
main/pkg/config/config.go:134.2,134.18 1 1
main/pkg/config/config.go:138.24,142.2 3 1
main/pkg/config/config.go:145.51,148.27 2 1
main/pkg/config/config.go:148.27,149.37 1 1
main/pkg/config/config.go:149.37,151.18 2 1
main/pkg/config/config.go:151.18,153.5 1 1
main/pkg/config/config.go:154.4,154.31 1 1
main/pkg/config/config.go:154.31,155.35 1 1
main/pkg/config/config.go:155.35,157.6 1 1
main/pkg/config/config.go:159.9,160.33 1 1
main/pkg/config/config.go:160.33,162.5 1 1
main/pkg/config/config.go:166.2,166.23 1 1
main/pkg/config/config.go:170.49,171.26 1 1
main/pkg/config/config.go:171.26,172.33 1 1
main/pkg/config/config.go:172.33,174.4 1 1
main/pkg/config/config.go:176.2,176.14 1 1
main/pkg/models/types.go:34.54,41.18 5 1
main/pkg/models/types.go:41.18,43.3 1 1
main/pkg/models/types.go:44.2,47.21 3 1
main/pkg/models/types.go:47.21,49.3 1 0
main/pkg/models/types.go:50.2,53.15 2 1
main/pkg/models/types.go:229.41,230.40 1 1
main/pkg/models/types.go:230.40,233.19 3 1
main/pkg/models/types.go:233.19,235.4 1 1
main/pkg/models/types.go:237.2,237.14 1 1
main/pkg/models/types.go:241.44,242.19 1 1
main/pkg/models/types.go:243.9,244.17 1 1
main/pkg/models/types.go:245.12,246.20 1 1
main/pkg/models/types.go:247.9,248.28 1 1
main/pkg/models/types.go:249.13,250.17 1 1
main/pkg/models/types.go:251.9,252.18 1 1
main/pkg/models/types.go:253.15,254.22 1 1
main/pkg/models/types.go:255.9,256.27 1 1
main/pkg/models/types.go:257.10,258.19 1 1
main/pkg/models/types.go:263.63,266.16 3 1
main/pkg/models/types.go:266.16,268.3 1 0
main/pkg/models/types.go:270.2,272.16 3 1
main/pkg/models/types.go:272.16,274.3 1 1
main/pkg/models/types.go:276.2,276.46 1 1
main/pkg/models/types.go:280.58,286.2 5 1
main/pkg/models/types.go:289.85,298.13 3 1
main/pkg/models/types.go:298.13,300.3 1 1
main/pkg/models/types.go:300.8,302.3 1 1
main/pkg/models/types.go:303.2,303.21 1 1
main/pkg/models/types.go:307.47,308.45 1 1
main/pkg/models/types.go:308.45,310.3 1 1
main/pkg/models/types.go:310.8,312.3 1 1
main/pkg/processor/processor.go:39.100,45.2 1 1
main/pkg/processor/processor.go:48.119,54.19 2 1
main/pkg/processor/processor.go:54.19,57.3 2 1
main/pkg/processor/processor.go:57.8,59.17 2 0
main/pkg/processor/processor.go:59.17,62.4 2 0
main/pkg/processor/processor.go:63.3,64.23 2 0
main/pkg/processor/processor.go:67.2,70.34 3 1
main/pkg/processor/processor.go:70.34,72.3 1 0
main/pkg/processor/processor.go:74.2,74.16 1 1
main/pkg/processor/processor.go:74.16,75.26 1 1
main/pkg/processor/processor.go:75.26,78.4 2 0
main/pkg/processor/processor.go:79.3,79.44 1 1
main/pkg/processor/processor.go:79.44,81.4 1 1
main/pkg/processor/processor.go:84.2,87.41 3 0
main/pkg/processor/processor.go:87.41,90.3 2 0
main/pkg/processor/processor.go:92.2,94.16 3 0
main/pkg/processor/processor.go:94.16,97.3 2 0
main/pkg/processor/processor.go:99.2,99.38 1 0
main/pkg/processor/processor.go:99.38,102.17 3 0
main/pkg/processor/processor.go:102.17,111.4 3 0
main/pkg/processor/processor.go:114.2,114.12 1 0
main/pkg/processor/processor.go:118.93,120.16 2 1
main/pkg/processor/processor.go:120.16,123.3 2 1
main/pkg/processor/processor.go:125.2,125.20 1 0
main/pkg/processor/processor.go:125.20,127.3 1 0
main/pkg/processor/processor.go:129.2,132.29 3 0
main/pkg/processor/processor.go:132.29,133.62 1 0
main/pkg/processor/processor.go:133.62,135.27 2 0
main/pkg/processor/processor.go:135.27,137.5 1 0
main/pkg/processor/processor.go:137.10,140.5 1 0
main/pkg/processor/processor.go:141.4,141.18 1 0
main/pkg/processor/processor.go:141.18,150.5 3 0
main/pkg/processor/processor.go:154.2,154.12 1 0
main/pkg/processor/processor.go:158.117,160.16 2 1
main/pkg/processor/processor.go:160.16,163.3 2 1
main/pkg/processor/processor.go:165.2,169.39 4 0
main/pkg/processor/processor.go:169.39,172.3 2 0
main/pkg/processor/processor.go:174.2,176.16 3 0
main/pkg/processor/processor.go:176.16,179.3 2 0
main/pkg/processor/processor.go:181.2,182.42 2 0
main/pkg/processor/processor.go:182.42,185.17 3 0
main/pkg/processor/processor.go:185.17,194.4 3 0
main/pkg/processor/processor.go:197.2,197.12 1 0
main/pkg/processor/processor.go:201.140,210.18 2 1
main/pkg/processor/processor.go:210.18,212.3 1 1
main/pkg/processor/processor.go:212.8,214.17 2 1
main/pkg/processor/processor.go:214.17,217.4 2 0
main/pkg/processor/processor.go:218.3,218.20 1 1
main/pkg/processor/processor.go:221.2,221.28 1 1
main/pkg/processor/processor.go:221.28,223.3 1 1
main/pkg/processor/processor.go:225.2,228.43 3 1
main/pkg/processor/processor.go:228.43,231.3 2 0
main/pkg/processor/processor.go:233.2,233.15 1 1
main/pkg/processor/processor.go:233.15,235.3 1 1
main/pkg/processor/processor.go:235.8,237.3 1 1
main/pkg/processor/processor.go:239.2,239.16 1 1
main/pkg/processor/processor.go:239.16,241.3 1 1
main/pkg/processor/processor.go:243.2,243.17 1 1
main/pkg/processor/processor.go:243.17,245.3 1 1
main/pkg/processor/processor.go:245.8,247.3 1 0
main/pkg/processor/processor.go:249.2,249.16 1 1
main/pkg/processor/processor.go:249.16,252.3 2 0
main/pkg/processor/processor.go:252.8,252.30 1 1
main/pkg/processor/processor.go:252.30,254.3 1 0
main/pkg/processor/processor.go:256.2,257.16 2 1
main/pkg/processor/processor.go:257.16,260.3 2 1
main/pkg/processor/processor.go:262.2,267.16 5 0
main/pkg/processor/processor.go:267.16,270.3 2 0
main/pkg/processor/processor.go:272.2,272.12 1 0
main/pkg/processor/processor.go:272.12,275.3 2 0
main/pkg/processor/processor.go:277.2,278.16 2 0
main/pkg/processor/processor.go:278.16,281.3 2 0
main/pkg/processor/processor.go:283.2,284.16 2 0
main/pkg/processor/processor.go:284.16,287.3 2 0
main/pkg/processor/processor.go:290.2,292.16 2 0
main/pkg/processor/processor.go:292.16,294.3 1 0
main/pkg/processor/processor.go:295.2,297.15 2 0
main/pkg/processor/processor.go:297.15,299.3 1 0
main/pkg/processor/processor.go:299.8,301.3 1 0
main/pkg/processor/processor.go:303.2,303.16 1 0
main/pkg/processor/processor.go:303.16,306.3 2 0
main/pkg/processor/processor.go:308.2,308.16 1 0
main/pkg/processor/processor.go:308.16,310.17 2 0
main/pkg/processor/processor.go:310.17,313.4 2 0
main/pkg/processor/processor.go:314.3,315.17 2 0
main/pkg/processor/processor.go:315.17,318.4 2 0
main/pkg/processor/processor.go:321.2,323.16 3 0
main/pkg/processor/processor.go:323.16,326.3 2 0
main/pkg/processor/processor.go:328.2,328.16 1 0
main/pkg/processor/processor.go:328.16,330.17 2 0
main/pkg/processor/processor.go:330.17,332.4 1 0
main/pkg/processor/processor.go:335.2,336.16 2 0
main/pkg/processor/processor.go:336.16,338.3 1 0
main/pkg/processor/processor.go:340.2,340.12 1 0
main/pkg/processor/processor.go:344.138,354.38 4 1
main/pkg/processor/processor.go:354.38,356.17 2 1
main/pkg/processor/processor.go:356.17,359.4 2 0
main/pkg/processor/processor.go:359.9,359.29 1 1
main/pkg/processor/processor.go:359.29,361.4 1 0
main/pkg/processor/processor.go:363.3,364.21 2 1
main/pkg/processor/processor.go:364.21,366.12 2 1
main/pkg/processor/processor.go:368.3,368.33 1 0
main/pkg/processor/processor.go:371.2,371.21 1 1
main/pkg/processor/processor.go:371.21,373.3 1 1
main/pkg/processor/processor.go:375.2,377.15 2 0
main/pkg/processor/processor.go:377.15,381.17 4 0
main/pkg/processor/processor.go:381.17,383.4 1 0
main/pkg/processor/processor.go:384.8,385.7 1 0
main/pkg/processor/processor.go:385.7,387.25 2 0
main/pkg/processor/processor.go:387.25,388.10 1 0
main/pkg/processor/processor.go:389.10,392.5 1 0
main/pkg/processor/processor.go:394.3,394.24 1 0
main/pkg/processor/processor.go:394.24,396.4 1 0
main/pkg/processor/processor.go:397.3,397.49 1 0
main/pkg/processor/processor.go:397.49,399.4 1 0
main/pkg/processor/processor.go:402.2,406.16 4 0
main/pkg/processor/processor.go:406.16,409.3 2 0
main/pkg/processor/processor.go:411.2,411.12 1 0
main/pkg/processor/processor.go:411.12,414.3 2 0
main/pkg/processor/processor.go:416.2,418.15 2 0
main/pkg/processor/processor.go:418.15,420.3 1 0
main/pkg/processor/processor.go:420.8,422.3 1 0
main/pkg/processor/processor.go:424.2,424.16 1 0
main/pkg/processor/processor.go:424.16,427.3 2 0
main/pkg/processor/processor.go:429.2,429.12 1 0
main/pkg/processor/processor.go:433.102,435.16 2 1
main/pkg/processor/processor.go:435.16,437.3 1 0
main/pkg/processor/processor.go:439.2,440.18 2 1
main/pkg/processor/processor.go:440.18,442.3 1 0
main/pkg/processor/processor.go:444.2,445.12 2 1
main/pkg/processor/processor.go:449.112,451.16 2 1
main/pkg/processor/processor.go:451.16,454.3 2 1
main/pkg/processor/processor.go:456.2,457.12 2 0
main/pkg/processor/processor.go:461.51,463.29 2 1
main/pkg/processor/processor.go:463.29,465.3 1 1
main/pkg/processor/processor.go:466.2,466.14 1 1
main/pkg/processor/processor.go:469.49,470.35 1 1
main/pkg/processor/processor.go:470.35,472.69 2 1
main/pkg/processor/processor.go:472.69,474.4 1 1
main/pkg/processor/processor.go:476.2,476.10 1 1
main/pkg/processor/processor.go:479.62,480.35 1 1
main/pkg/processor/processor.go:480.35,481.43 1 1
main/pkg/processor/processor.go:481.43,483.4 1 1
main/pkg/processor/processor.go:485.2,485.10 1 1
main/pkg/processor/processor.go:488.78,489.44 1 1
main/pkg/processor/processor.go:489.44,491.75 2 1
main/pkg/processor/processor.go:491.75,493.4 1 1
main/pkg/processor/processor.go:495.2,495.12 1 0
main/pkg/processor/processor.go:498.67,511.2 3 1
main/pkg/processor/processor.go:513.57,517.16 3 1
main/pkg/processor/processor.go:517.16,519.3 1 1
main/pkg/processor/processor.go:520.2,522.37 2 1
main/pkg/processor/processor.go:522.37,524.3 1 0
main/pkg/processor/processor.go:526.2,528.16 3 1
main/pkg/processor/processor.go:528.16,530.3 1 0
main/pkg/processor/processor.go:532.2,533.16 2 1
main/pkg/processor/processor.go:533.16,535.3 1 0
main/pkg/processor/processor.go:537.2,538.22 2 1
main/pkg/processor/processor.go:538.22,540.3 1 1
main/pkg/processor/processor.go:542.2,542.24 1 1
main/pkg/api/client.go:42.26,44.2 1 1
main/pkg/api/client.go:47.47,49.2 1 1
main/pkg/api/client.go:52.58,61.25 8 1
main/pkg/api/client.go:61.25,63.3 1 1
main/pkg/api/client.go:65.2,66.16 2 1
main/pkg/api/client.go:66.16,68.3 1 0
main/pkg/api/client.go:69.2,73.16 4 1
main/pkg/api/client.go:73.16,75.3 1 0
main/pkg/api/client.go:76.2,78.36 2 1
main/pkg/api/client.go:78.36,80.3 1 1
main/pkg/api/client.go:82.2,84.16 3 1
main/pkg/api/client.go:84.16,86.3 1 0
main/pkg/api/client.go:88.2,88.29 1 1
main/pkg/api/client.go:92.60,94.29 2 1
main/pkg/api/client.go:94.29,96.3 1 1
main/pkg/api/client.go:98.2,99.16 2 1
main/pkg/api/client.go:99.16,101.3 1 0
main/pkg/api/client.go:102.2,106.16 4 1
main/pkg/api/client.go:106.16,108.3 1 0
main/pkg/api/client.go:109.2,111.36 2 1
main/pkg/api/client.go:111.36,113.3 1 1
main/pkg/api/client.go:115.2,117.16 3 1
main/pkg/api/client.go:117.16,119.3 1 0
main/pkg/api/client.go:121.2,121.21 1 1
main/pkg/api/client.go:125.68,127.28 2 1
main/pkg/api/client.go:127.28,129.3 1 1
main/pkg/api/client.go:131.2,132.16 2 1
main/pkg/api/client.go:132.16,134.3 1 0
main/pkg/api/client.go:135.2,139.16 4 1
main/pkg/api/client.go:139.16,141.3 1 0
main/pkg/api/client.go:142.2,144.36 2 1
main/pkg/api/client.go:144.36,146.3 1 0
main/pkg/api/client.go:148.2,150.16 3 1
main/pkg/api/client.go:150.16,152.3 1 0
main/pkg/api/client.go:154.2,154.18 1 1
main/pkg/api/client.go:158.74,160.27 2 1
main/pkg/api/client.go:160.27,162.3 1 1
main/pkg/api/client.go:164.2,165.16 2 1
main/pkg/api/client.go:165.16,167.3 1 0
main/pkg/api/client.go:169.2,177.16 8 1
main/pkg/api/client.go:177.16,179.3 1 0
main/pkg/api/client.go:180.2,182.36 2 1
main/pkg/api/client.go:182.36,184.3 1 0
main/pkg/api/client.go:186.2,188.16 3 1
main/pkg/api/client.go:188.16,190.3 1 0
main/pkg/api/client.go:192.2,192.18 1 1
main/pkg/api/client.go:196.104,198.9 2 1
main/pkg/api/client.go:198.9,200.3 1 1
main/pkg/api/client.go:200.8,202.3 1 0
main/pkg/api/client.go:204.2,205.27 2 1
main/pkg/api/client.go:205.27,207.3 1 1
main/pkg/api/client.go:209.2,210.16 2 1
main/pkg/api/client.go:210.16,212.3 1 0
main/pkg/api/client.go:214.2,215.9 2 1
main/pkg/api/client.go:215.9,218.3 2 1
main/pkg/api/client.go:218.8,224.3 5 0
main/pkg/api/client.go:225.2,229.16 4 1
main/pkg/api/client.go:229.16,231.3 1 0
main/pkg/api/client.go:232.2,234.36 2 1
main/pkg/api/client.go:234.36,236.3 1 0
main/pkg/api/client.go:238.2,240.16 3 1
main/pkg/api/client.go:240.16,242.3 1 0
main/pkg/api/client.go:244.2,244.18 1 1
main/pkg/api/client.go:248.79,253.27 4 0
main/pkg/api/client.go:253.27,255.3 1 0
main/pkg/api/client.go:257.2,264.6 7 0
main/pkg/api/client.go:264.6,266.17 2 0
main/pkg/api/client.go:266.17,268.4 1 0
main/pkg/api/client.go:269.3,274.17 5 0
main/pkg/api/client.go:274.17,276.4 1 0
main/pkg/api/client.go:278.3,278.37 1 0
main/pkg/api/client.go:278.37,281.4 2 0
main/pkg/api/client.go:283.3,286.17 4 0
main/pkg/api/client.go:286.17,288.4 1 0
main/pkg/api/client.go:290.3,291.18 2 0
main/pkg/api/client.go:291.18,292.9 1 0
main/pkg/api/client.go:294.3,295.19 2 0
main/pkg/api/client.go:298.2,298.27 1 0
main/pkg/api/client.go:302.111,304.27 2 1
main/pkg/api/client.go:304.27,306.3 1 1
main/pkg/api/client.go:308.2,309.16 2 1
main/pkg/api/client.go:309.16,311.3 1 0
main/pkg/api/client.go:313.2,314.17 2 1
main/pkg/api/client.go:314.17,318.3 3 0
main/pkg/api/client.go:318.8,321.3 2 1
main/pkg/api/client.go:322.2,332.16 10 1
main/pkg/api/client.go:332.16,334.3 1 0
main/pkg/api/client.go:335.2,337.36 2 1
main/pkg/api/client.go:337.36,339.3 1 0
main/pkg/api/client.go:341.2,343.16 3 1
main/pkg/api/client.go:343.16,345.3 1 0
main/pkg/api/client.go:347.2,347.28 1 1
main/pkg/api/client.go:351.94,353.27 2 1
main/pkg/api/client.go:353.27,355.3 1 1
main/pkg/api/client.go:357.2,358.16 2 1
main/pkg/api/client.go:358.16,360.3 1 0
main/pkg/api/client.go:362.2,372.16 10 1
main/pkg/api/client.go:372.16,374.3 1 0
main/pkg/api/client.go:375.2,377.36 2 1
main/pkg/api/client.go:377.36,379.3 1 0
main/pkg/api/client.go:381.2,383.16 3 1
main/pkg/api/client.go:383.16,385.3 1 0
main/pkg/api/client.go:387.2,387.25 1 1
main/pkg/api/client.go:391.76,393.16 2 1
main/pkg/api/client.go:393.16,395.3 1 0
main/pkg/api/client.go:397.2,397.19 1 1
main/pkg/api/client.go:397.19,399.3 1 0
main/pkg/api/client.go:400.2,404.16 4 1
main/pkg/api/client.go:404.16,406.3 1 0
main/pkg/api/client.go:408.2,408.86 1 1
main/pkg/api/client.go:408.86,411.3 2 1
main/pkg/api/client.go:413.2,413.18 1 1
main/pkg/api/client.go:417.76,419.16 2 1
main/pkg/api/client.go:419.16,421.3 1 1
main/pkg/api/client.go:422.2,424.38 2 1
main/pkg/api/client.go:424.38,426.3 1 0
main/pkg/api/client.go:428.2,429.16 2 1
main/pkg/api/client.go:429.16,431.3 1 0
main/pkg/api/client.go:433.2,434.9 2 1
main/pkg/api/client.go:434.9,436.3 1 0
main/pkg/api/client.go:438.2,438.20 1 1
main/pkg/api/client.go:442.76,444.16 2 1
main/pkg/api/client.go:444.16,446.3 1 1
main/pkg/api/client.go:447.2,449.38 2 1
main/pkg/api/client.go:449.38,451.3 1 0
main/pkg/api/client.go:453.2,454.16 2 1
main/pkg/api/client.go:454.16,456.3 1 0
main/pkg/api/client.go:458.2,459.9 2 1
main/pkg/api/client.go:459.9,461.3 1 0
main/pkg/api/client.go:463.2,463.19 1 1
